05-27 14:29:11 - dataId=com.taobao.tddl.v1_tddl_sample_dbgroups ,group=DEFAULT_GROUP ,content=sample_group_0,sample_group_1
05-27 14:29:11 - dataId=com.taobao.tddl.jdbc.group_V2.4.1_sample_group_1 ,group=DEFAULT_GROUP ,content=tddl_sample_1:r10w10,tddl_sample_1_bac:r10w0
05-27 14:29:11 - dataId=com.taobao.tddl.atom.global.tddl_sample_1 ,group=DEFAULT_GROUP ,content=ip=10.13.1.2
port=3306
dbName=tddl_sample_1
dbType=mysql
dbStatus=RW
05-27 14:29:11 - dataId=com.taobao.tddl.atom.app.tddl_sample.tddl_sample_1 ,group=DEFAULT_GROUP ,content=userName=tddl
minPoolSize=1
maxPoolSize=100
05-27 14:29:11 - dataId=com.taobao.tddl.atom.passwd.tddl_sample_1.mysql.tddl ,group=DEFAULT_GROUP ,content=encPasswd=4485f91c9426e4d8
05-27 14:29:11 - dataId=com.taobao.tddl.atom.global.tddl_sample_1_bac ,group=DEFAULT_GROUP ,content=ip=10.13.1.2
port=3306
dbName=tddl_sample_1_bac
dbType=mysql
dbStatus=RW
05-27 14:29:11 - dataId=com.taobao.tddl.atom.app.tddl_sample.tddl_sample_1_bac ,group=DEFAULT_GROUP ,content=userName=tddl
minPoolSize=1
maxPoolSize=100
05-27 14:29:11 - dataId=com.taobao.tddl.atom.passwd.tddl_sample_1_bac.mysql.tddl ,group=DEFAULT_GROUP ,content=encPasswd=4485f91c9426e4d8
05-27 14:29:11 - dataId=com.taobao.tddl.jdbc.group_V2.4.1_sample_group_0 ,group=DEFAULT_GROUP ,content=tddl_sample_0:r10w10,tddl_sample_0_bac:r10w0
05-27 14:29:11 - dataId=com.taobao.tddl.atom.global.tddl_sample_0 ,group=DEFAULT_GROUP ,content=ip=10.13.1.2
port=3306
dbName=tddl_sample_0
dbType=mysql
dbStatus=RW
05-27 14:29:11 - dataId=com.taobao.tddl.atom.app.tddl_sample.tddl_sample_0 ,group=DEFAULT_GROUP ,content=userName=tddl
minPoolSize=1
maxPoolSize=100
05-27 14:29:11 - dataId=com.taobao.tddl.atom.passwd.tddl_sample_0.mysql.tddl ,group=DEFAULT_GROUP ,content=encPasswd=4485f91c9426e4d8
05-27 14:29:11 - dataId=com.taobao.tddl.atom.global.tddl_sample_0_bac ,group=DEFAULT_GROUP ,content=ip=10.13.1.2
port=3306
dbName=tddl_sample_0_bac
dbType=mysql
dbStatus=RW
05-27 14:29:11 - dataId=com.taobao.tddl.atom.app.tddl_sample.tddl_sample_0_bac ,group=DEFAULT_GROUP ,content=userName=tddl
minPoolSize=1
maxPoolSize=100
05-27 14:29:11 - dataId=com.taobao.tddl.atom.passwd.tddl_sample_0_bac.mysql.tddl ,group=DEFAULT_GROUP ,content=encPasswd=4485f91c9426e4d8
05-27 14:29:11 - dataId=com.taobao.tddl.jdbc.client.sqlexecutor.tddl_sample ,group=DEFAULT_GROUP ,content=useParallelExecute=true
parallelThreadCount=10
05-27 14:30:56 - dataId=com.taobao.tddl.v1_tddl_sample_dbgroups ,group=DEFAULT_GROUP ,content=sample_group_0,sample_group_1
05-27 14:30:56 - dataId=com.taobao.tddl.jdbc.group_V2.4.1_sample_group_1 ,group=DEFAULT_GROUP ,content=tddl_sample_1:r10w10,tddl_sample_1_bac:r10w0
05-27 14:30:56 - dataId=com.taobao.tddl.atom.global.tddl_sample_1 ,group=DEFAULT_GROUP ,content=ip=10.13.1.2
port=3306
dbName=tddl_sample_1
dbType=mysql
dbStatus=RW
05-27 14:30:56 - dataId=com.taobao.tddl.atom.app.tddl_sample.tddl_sample_1 ,group=DEFAULT_GROUP ,content=userName=tddl
minPoolSize=1
maxPoolSize=100
05-27 14:30:56 - dataId=com.taobao.tddl.atom.passwd.tddl_sample_1.mysql.tddl ,group=DEFAULT_GROUP ,content=encPasswd=4485f91c9426e4d8
05-27 14:30:56 - dataId=com.taobao.tddl.atom.global.tddl_sample_1_bac ,group=DEFAULT_GROUP ,content=ip=10.13.1.2
port=3306
dbName=tddl_sample_1_bac
dbType=mysql
dbStatus=RW
05-27 14:30:56 - dataId=com.taobao.tddl.atom.app.tddl_sample.tddl_sample_1_bac ,group=DEFAULT_GROUP ,content=userName=tddl
minPoolSize=1
maxPoolSize=100
05-27 14:30:56 - dataId=com.taobao.tddl.atom.passwd.tddl_sample_1_bac.mysql.tddl ,group=DEFAULT_GROUP ,content=encPasswd=4485f91c9426e4d8
05-27 14:30:56 - dataId=com.taobao.tddl.jdbc.group_V2.4.1_sample_group_0 ,group=DEFAULT_GROUP ,content=tddl_sample_0:r10w10,tddl_sample_0_bac:r10w0
05-27 14:30:56 - dataId=com.taobao.tddl.atom.global.tddl_sample_0 ,group=DEFAULT_GROUP ,content=ip=10.13.1.2
port=3306
dbName=tddl_sample_0
dbType=mysql
dbStatus=RW
05-27 14:30:56 - dataId=com.taobao.tddl.atom.app.tddl_sample.tddl_sample_0 ,group=DEFAULT_GROUP ,content=userName=tddl
minPoolSize=1
maxPoolSize=100
05-27 14:30:56 - dataId=com.taobao.tddl.atom.passwd.tddl_sample_0.mysql.tddl ,group=DEFAULT_GROUP ,content=encPasswd=4485f91c9426e4d8
05-27 14:30:56 - dataId=com.taobao.tddl.atom.global.tddl_sample_0_bac ,group=DEFAULT_GROUP ,content=ip=10.13.1.2
port=3306
dbName=tddl_sample_0_bac
dbType=mysql
dbStatus=RW
05-27 14:30:56 - dataId=com.taobao.tddl.atom.app.tddl_sample.tddl_sample_0_bac ,group=DEFAULT_GROUP ,content=userName=tddl
minPoolSize=1
maxPoolSize=100
05-27 14:30:56 - dataId=com.taobao.tddl.atom.passwd.tddl_sample_0_bac.mysql.tddl ,group=DEFAULT_GROUP ,content=encPasswd=4485f91c9426e4d8
05-27 14:30:56 - dataId=com.taobao.tddl.jdbc.client.sqlexecutor.tddl_sample ,group=DEFAULT_GROUP ,content=useParallelExecute=true
parallelThreadCount=10
05-27 14:31:48 - dataId=com.taobao.tddl.v1_tddl_sample_dbgroups ,group=DEFAULT_GROUP ,content=sample_group_0,sample_group_1
05-27 14:31:48 - dataId=com.taobao.tddl.jdbc.group_V2.4.1_sample_group_1 ,group=DEFAULT_GROUP ,content=tddl_sample_1:r10w10,tddl_sample_1_bac:r10w0
05-27 14:31:48 - dataId=com.taobao.tddl.atom.global.tddl_sample_1 ,group=DEFAULT_GROUP ,content=ip=10.13.1.2
port=3306
dbName=tddl_sample_1
dbType=mysql
dbStatus=RW
05-27 14:31:48 - dataId=com.taobao.tddl.atom.app.tddl_sample.tddl_sample_1 ,group=DEFAULT_GROUP ,content=userName=tddl
minPoolSize=1
maxPoolSize=100
05-27 14:31:48 - dataId=com.taobao.tddl.atom.passwd.tddl_sample_1.mysql.tddl ,group=DEFAULT_GROUP ,content=encPasswd=4485f91c9426e4d8
05-27 14:31:48 - dataId=com.taobao.tddl.atom.global.tddl_sample_1_bac ,group=DEFAULT_GROUP ,content=ip=10.13.1.2
port=3306
dbName=tddl_sample_1_bac
dbType=mysql
dbStatus=RW
05-27 14:31:48 - dataId=com.taobao.tddl.atom.app.tddl_sample.tddl_sample_1_bac ,group=DEFAULT_GROUP ,content=userName=tddl
minPoolSize=1
maxPoolSize=100
05-27 14:31:48 - dataId=com.taobao.tddl.atom.passwd.tddl_sample_1_bac.mysql.tddl ,group=DEFAULT_GROUP ,content=encPasswd=4485f91c9426e4d8
05-27 14:31:48 - dataId=com.taobao.tddl.jdbc.group_V2.4.1_sample_group_0 ,group=DEFAULT_GROUP ,content=tddl_sample_0:r10w10,tddl_sample_0_bac:r10w0
05-27 14:31:48 - dataId=com.taobao.tddl.atom.global.tddl_sample_0 ,group=DEFAULT_GROUP ,content=ip=10.13.1.2
port=3306
dbName=tddl_sample_0
dbType=mysql
dbStatus=RW
05-27 14:31:48 - dataId=com.taobao.tddl.atom.app.tddl_sample.tddl_sample_0 ,group=DEFAULT_GROUP ,content=userName=tddl
minPoolSize=1
maxPoolSize=100
05-27 14:31:48 - dataId=com.taobao.tddl.atom.passwd.tddl_sample_0.mysql.tddl ,group=DEFAULT_GROUP ,content=encPasswd=4485f91c9426e4d8
05-27 14:31:48 - dataId=com.taobao.tddl.atom.global.tddl_sample_0_bac ,group=DEFAULT_GROUP ,content=ip=10.13.1.2
port=3306
dbName=tddl_sample_0_bac
dbType=mysql
dbStatus=RW
05-27 14:31:48 - dataId=com.taobao.tddl.atom.app.tddl_sample.tddl_sample_0_bac ,group=DEFAULT_GROUP ,content=userName=tddl
minPoolSize=1
maxPoolSize=100
05-27 14:31:48 - dataId=com.taobao.tddl.atom.passwd.tddl_sample_0_bac.mysql.tddl ,group=DEFAULT_GROUP ,content=encPasswd=4485f91c9426e4d8
05-27 14:31:48 - dataId=com.taobao.tddl.jdbc.client.sqlexecutor.tddl_sample ,group=DEFAULT_GROUP ,content=useParallelExecute=true
parallelThreadCount=10
05-27 14:32:30 - dataId=com.taobao.tddl.v1_tddl_sample_dbgroups ,group=DEFAULT_GROUP ,content=sample_group_0,sample_group_1
05-27 14:32:30 - dataId=com.taobao.tddl.jdbc.group_V2.4.1_sample_group_1 ,group=DEFAULT_GROUP ,content=tddl_sample_1:r10w10,tddl_sample_1_bac:r10w0
05-27 14:32:30 - dataId=com.taobao.tddl.atom.global.tddl_sample_1 ,group=DEFAULT_GROUP ,content=ip=10.13.1.2
port=3306
dbName=tddl_sample_1
dbType=mysql
dbStatus=RW
05-27 14:32:30 - dataId=com.taobao.tddl.atom.app.tddl_sample.tddl_sample_1 ,group=DEFAULT_GROUP ,content=userName=tddl
minPoolSize=1
maxPoolSize=100
05-27 14:32:30 - dataId=com.taobao.tddl.atom.passwd.tddl_sample_1.mysql.tddl ,group=DEFAULT_GROUP ,content=encPasswd=4485f91c9426e4d8
05-27 14:32:31 - dataId=com.taobao.tddl.atom.global.tddl_sample_1_bac ,group=DEFAULT_GROUP ,content=ip=10.13.1.2
port=3306
dbName=tddl_sample_1_bac
dbType=mysql
dbStatus=RW
05-27 14:32:31 - dataId=com.taobao.tddl.atom.app.tddl_sample.tddl_sample_1_bac ,group=DEFAULT_GROUP ,content=userName=tddl
minPoolSize=1
maxPoolSize=100
05-27 14:32:31 - dataId=com.taobao.tddl.atom.passwd.tddl_sample_1_bac.mysql.tddl ,group=DEFAULT_GROUP ,content=encPasswd=4485f91c9426e4d8
05-27 14:32:31 - dataId=com.taobao.tddl.jdbc.group_V2.4.1_sample_group_0 ,group=DEFAULT_GROUP ,content=tddl_sample_0:r10w10,tddl_sample_0_bac:r10w0
05-27 14:32:31 - dataId=com.taobao.tddl.atom.global.tddl_sample_0 ,group=DEFAULT_GROUP ,content=ip=10.13.1.2
port=3306
dbName=tddl_sample_0
dbType=mysql
dbStatus=RW
05-27 14:32:31 - dataId=com.taobao.tddl.atom.app.tddl_sample.tddl_sample_0 ,group=DEFAULT_GROUP ,content=userName=tddl
minPoolSize=1
maxPoolSize=100
05-27 14:32:31 - dataId=com.taobao.tddl.atom.passwd.tddl_sample_0.mysql.tddl ,group=DEFAULT_GROUP ,content=encPasswd=4485f91c9426e4d8
05-27 14:32:31 - dataId=com.taobao.tddl.atom.global.tddl_sample_0_bac ,group=DEFAULT_GROUP ,content=ip=10.13.1.2
port=3306
dbName=tddl_sample_0_bac
dbType=mysql
dbStatus=RW
05-27 14:32:31 - dataId=com.taobao.tddl.atom.app.tddl_sample.tddl_sample_0_bac ,group=DEFAULT_GROUP ,content=userName=tddl
minPoolSize=1
maxPoolSize=100
05-27 14:32:31 - dataId=com.taobao.tddl.atom.passwd.tddl_sample_0_bac.mysql.tddl ,group=DEFAULT_GROUP ,content=encPasswd=4485f91c9426e4d8
05-27 14:32:31 - dataId=com.taobao.tddl.jdbc.client.sqlexecutor.tddl_sample ,group=DEFAULT_GROUP ,content=useParallelExecute=true
parallelThreadCount=10
05-27 14:33:20 - dataId=com.taobao.tddl.v1_tddl_sample_dbgroups ,group=DEFAULT_GROUP ,content=sample_group_0,sample_group_1
05-27 14:33:20 - dataId=com.taobao.tddl.jdbc.group_V2.4.1_sample_group_1 ,group=DEFAULT_GROUP ,content=tddl_sample_1:r10w10,tddl_sample_1_bac:r10w0
05-27 14:33:20 - dataId=com.taobao.tddl.atom.global.tddl_sample_1 ,group=DEFAULT_GROUP ,content=ip=10.13.1.2
port=3306
dbName=tddl_sample_1
dbType=mysql
dbStatus=RW
05-27 14:33:20 - dataId=com.taobao.tddl.atom.app.tddl_sample.tddl_sample_1 ,group=DEFAULT_GROUP ,content=userName=tddl
minPoolSize=1
maxPoolSize=100
05-27 14:33:20 - dataId=com.taobao.tddl.atom.passwd.tddl_sample_1.mysql.tddl ,group=DEFAULT_GROUP ,content=encPasswd=4485f91c9426e4d8
05-27 14:33:20 - dataId=com.taobao.tddl.atom.global.tddl_sample_1_bac ,group=DEFAULT_GROUP ,content=ip=10.13.1.2
port=3306
dbName=tddl_sample_1_bac
dbType=mysql
dbStatus=RW
05-27 14:33:20 - dataId=com.taobao.tddl.atom.app.tddl_sample.tddl_sample_1_bac ,group=DEFAULT_GROUP ,content=userName=tddl
minPoolSize=1
maxPoolSize=100
05-27 14:33:20 - dataId=com.taobao.tddl.atom.passwd.tddl_sample_1_bac.mysql.tddl ,group=DEFAULT_GROUP ,content=encPasswd=4485f91c9426e4d8
05-27 14:33:20 - dataId=com.taobao.tddl.jdbc.group_V2.4.1_sample_group_0 ,group=DEFAULT_GROUP ,content=tddl_sample_0:r10w10,tddl_sample_0_bac:r10w0
05-27 14:33:20 - dataId=com.taobao.tddl.atom.global.tddl_sample_0 ,group=DEFAULT_GROUP ,content=ip=10.13.1.2
port=3306
dbName=tddl_sample_0
dbType=mysql
dbStatus=RW
05-27 14:33:20 - dataId=com.taobao.tddl.atom.app.tddl_sample.tddl_sample_0 ,group=DEFAULT_GROUP ,content=userName=tddl
minPoolSize=1
maxPoolSize=100
05-27 14:33:20 - dataId=com.taobao.tddl.atom.passwd.tddl_sample_0.mysql.tddl ,group=DEFAULT_GROUP ,content=encPasswd=4485f91c9426e4d8
05-27 14:33:20 - dataId=com.taobao.tddl.atom.global.tddl_sample_0_bac ,group=DEFAULT_GROUP ,content=ip=10.13.1.2
port=3306
dbName=tddl_sample_0_bac
dbType=mysql
dbStatus=RW
05-27 14:33:20 - dataId=com.taobao.tddl.atom.app.tddl_sample.tddl_sample_0_bac ,group=DEFAULT_GROUP ,content=userName=tddl
minPoolSize=1
maxPoolSize=100
05-27 14:33:20 - dataId=com.taobao.tddl.atom.passwd.tddl_sample_0_bac.mysql.tddl ,group=DEFAULT_GROUP ,content=encPasswd=4485f91c9426e4d8
05-27 14:33:20 - dataId=com.taobao.tddl.jdbc.client.sqlexecutor.tddl_sample ,group=DEFAULT_GROUP ,content=useParallelExecute=true
parallelThreadCount=10
05-27 14:34:29 - dataId=com.taobao.tddl.v1_tddl_sample_dbgroups ,group=DEFAULT_GROUP ,content=sample_group_0,sample_group_1
05-27 14:34:29 - dataId=com.taobao.tddl.jdbc.group_V2.4.1_sample_group_1 ,group=DEFAULT_GROUP ,content=tddl_sample_1:r10w10,tddl_sample_1_bac:r10w0
05-27 14:34:29 - dataId=com.taobao.tddl.atom.global.tddl_sample_1 ,group=DEFAULT_GROUP ,content=ip=10.13.1.2
port=3306
dbName=tddl_sample_1
dbType=mysql
dbStatus=RW
05-27 14:34:29 - dataId=com.taobao.tddl.atom.app.tddl_sample.tddl_sample_1 ,group=DEFAULT_GROUP ,content=userName=tddl
minPoolSize=1
maxPoolSize=100
05-27 14:34:29 - dataId=com.taobao.tddl.atom.passwd.tddl_sample_1.mysql.tddl ,group=DEFAULT_GROUP ,content=encPasswd=4485f91c9426e4d8
05-27 14:34:29 - dataId=com.taobao.tddl.atom.global.tddl_sample_1_bac ,group=DEFAULT_GROUP ,content=ip=10.13.1.2
port=3306
dbName=tddl_sample_1_bac
dbType=mysql
dbStatus=RW
05-27 14:34:29 - dataId=com.taobao.tddl.atom.app.tddl_sample.tddl_sample_1_bac ,group=DEFAULT_GROUP ,content=userName=tddl
minPoolSize=1
maxPoolSize=100
05-27 14:34:29 - dataId=com.taobao.tddl.atom.passwd.tddl_sample_1_bac.mysql.tddl ,group=DEFAULT_GROUP ,content=encPasswd=4485f91c9426e4d8
05-27 14:34:29 - dataId=com.taobao.tddl.jdbc.group_V2.4.1_sample_group_0 ,group=DEFAULT_GROUP ,content=tddl_sample_0:r10w10,tddl_sample_0_bac:r10w0
05-27 14:34:29 - dataId=com.taobao.tddl.atom.global.tddl_sample_0 ,group=DEFAULT_GROUP ,content=ip=10.13.1.2
port=3306
dbName=tddl_sample_0
dbType=mysql
dbStatus=RW
05-27 14:34:30 - dataId=com.taobao.tddl.atom.app.tddl_sample.tddl_sample_0 ,group=DEFAULT_GROUP ,content=userName=tddl
minPoolSize=1
maxPoolSize=100
05-27 14:34:30 - dataId=com.taobao.tddl.atom.passwd.tddl_sample_0.mysql.tddl ,group=DEFAULT_GROUP ,content=encPasswd=4485f91c9426e4d8
05-27 14:34:30 - dataId=com.taobao.tddl.atom.global.tddl_sample_0_bac ,group=DEFAULT_GROUP ,content=ip=10.13.1.2
port=3306
dbName=tddl_sample_0_bac
dbType=mysql
dbStatus=RW
05-27 14:34:30 - dataId=com.taobao.tddl.atom.app.tddl_sample.tddl_sample_0_bac ,group=DEFAULT_GROUP ,content=userName=tddl
minPoolSize=1
maxPoolSize=100
05-27 14:34:30 - dataId=com.taobao.tddl.atom.passwd.tddl_sample_0_bac.mysql.tddl ,group=DEFAULT_GROUP ,content=encPasswd=4485f91c9426e4d8
05-27 14:34:30 - dataId=com.taobao.tddl.jdbc.client.sqlexecutor.tddl_sample ,group=DEFAULT_GROUP ,content=useParallelExecute=true
parallelThreadCount=10
05-27 15:13:35 - dataId=com.taobao.tddl.v1_tddl_sample_dbgroups ,group=DEFAULT_GROUP ,content=sample_group_0,sample_group_1
05-27 15:13:36 - dataId=com.taobao.tddl.jdbc.group_V2.4.1_sample_group_1 ,group=DEFAULT_GROUP ,content=tddl_sample_1:r10w10,tddl_sample_1_bac:r10w0
05-27 15:13:36 - dataId=com.taobao.tddl.atom.global.tddl_sample_1 ,group=DEFAULT_GROUP ,content=ip=10.13.1.2
port=3306
dbName=tddl_sample_1
dbType=mysql
dbStatus=RW
05-27 15:13:36 - dataId=com.taobao.tddl.atom.app.tddl_sample.tddl_sample_1 ,group=DEFAULT_GROUP ,content=userName=tddl
minPoolSize=1
maxPoolSize=100
05-27 15:13:36 - dataId=com.taobao.tddl.atom.passwd.tddl_sample_1.mysql.tddl ,group=DEFAULT_GROUP ,content=encPasswd=4485f91c9426e4d8
05-27 15:13:36 - dataId=com.taobao.tddl.atom.global.tddl_sample_1_bac ,group=DEFAULT_GROUP ,content=ip=10.13.1.2
port=3306
dbName=tddl_sample_1_bac
dbType=mysql
dbStatus=RW
05-27 15:13:36 - dataId=com.taobao.tddl.atom.app.tddl_sample.tddl_sample_1_bac ,group=DEFAULT_GROUP ,content=userName=tddl
minPoolSize=1
maxPoolSize=100
05-27 15:13:36 - dataId=com.taobao.tddl.atom.passwd.tddl_sample_1_bac.mysql.tddl ,group=DEFAULT_GROUP ,content=encPasswd=4485f91c9426e4d8
05-27 15:13:36 - dataId=com.taobao.tddl.jdbc.group_V2.4.1_sample_group_0 ,group=DEFAULT_GROUP ,content=tddl_sample_0:r10w10,tddl_sample_0_bac:r10w0
05-27 15:13:36 - dataId=com.taobao.tddl.atom.global.tddl_sample_0 ,group=DEFAULT_GROUP ,content=ip=10.13.1.2
port=3306
dbName=tddl_sample_0
dbType=mysql
dbStatus=RW
05-27 15:13:36 - dataId=com.taobao.tddl.atom.app.tddl_sample.tddl_sample_0 ,group=DEFAULT_GROUP ,content=userName=tddl
minPoolSize=1
maxPoolSize=100
05-27 15:13:36 - dataId=com.taobao.tddl.atom.passwd.tddl_sample_0.mysql.tddl ,group=DEFAULT_GROUP ,content=encPasswd=4485f91c9426e4d8
05-27 15:13:36 - dataId=com.taobao.tddl.atom.global.tddl_sample_0_bac ,group=DEFAULT_GROUP ,content=ip=10.13.1.2
port=3306
dbName=tddl_sample_0_bac
dbType=mysql
dbStatus=RW
05-27 15:13:36 - dataId=com.taobao.tddl.atom.app.tddl_sample.tddl_sample_0_bac ,group=DEFAULT_GROUP ,content=userName=tddl
minPoolSize=1
maxPoolSize=100
05-27 15:13:36 - dataId=com.taobao.tddl.atom.passwd.tddl_sample_0_bac.mysql.tddl ,group=DEFAULT_GROUP ,content=encPasswd=4485f91c9426e4d8
05-27 15:13:36 - dataId=com.taobao.tddl.jdbc.client.sqlexecutor.tddl_sample ,group=DEFAULT_GROUP ,content=useParallelExecute=true
parallelThreadCount=10
05-27 15:16:41 - dataId=com.taobao.tddl.v1_tddl_sample_dbgroups ,group=DEFAULT_GROUP ,content=sample_group_0,sample_group_1
05-27 15:16:41 - dataId=com.taobao.tddl.jdbc.group_V2.4.1_sample_group_1 ,group=DEFAULT_GROUP ,content=tddl_sample_1:r10w10,tddl_sample_1_bac:r10w0
05-27 15:16:41 - dataId=com.taobao.tddl.atom.global.tddl_sample_1 ,group=DEFAULT_GROUP ,content=ip=10.13.1.2
port=3306
dbName=tddl_sample_1
dbType=mysql
dbStatus=RW
05-27 15:16:41 - dataId=com.taobao.tddl.atom.app.tddl_sample.tddl_sample_1 ,group=DEFAULT_GROUP ,content=userName=tddl
minPoolSize=1
maxPoolSize=100
05-27 15:16:41 - dataId=com.taobao.tddl.atom.passwd.tddl_sample_1.mysql.tddl ,group=DEFAULT_GROUP ,content=encPasswd=4485f91c9426e4d8
05-27 15:16:41 - dataId=com.taobao.tddl.atom.global.tddl_sample_1_bac ,group=DEFAULT_GROUP ,content=ip=10.13.1.2
port=3306
dbName=tddl_sample_1_bac
dbType=mysql
dbStatus=RW
05-27 15:16:41 - dataId=com.taobao.tddl.atom.app.tddl_sample.tddl_sample_1_bac ,group=DEFAULT_GROUP ,content=userName=tddl
minPoolSize=1
maxPoolSize=100
05-27 15:16:41 - dataId=com.taobao.tddl.atom.passwd.tddl_sample_1_bac.mysql.tddl ,group=DEFAULT_GROUP ,content=encPasswd=4485f91c9426e4d8
05-27 15:16:41 - dataId=com.taobao.tddl.jdbc.group_V2.4.1_sample_group_0 ,group=DEFAULT_GROUP ,content=tddl_sample_0:r10w10,tddl_sample_0_bac:r10w0
05-27 15:16:41 - dataId=com.taobao.tddl.atom.global.tddl_sample_0 ,group=DEFAULT_GROUP ,content=ip=10.13.1.2
port=3306
dbName=tddl_sample_0
dbType=mysql
dbStatus=RW
05-27 15:16:41 - dataId=com.taobao.tddl.atom.app.tddl_sample.tddl_sample_0 ,group=DEFAULT_GROUP ,content=userName=tddl
minPoolSize=1
maxPoolSize=100
05-27 15:16:41 - dataId=com.taobao.tddl.atom.passwd.tddl_sample_0.mysql.tddl ,group=DEFAULT_GROUP ,content=encPasswd=4485f91c9426e4d8
05-27 15:16:41 - dataId=com.taobao.tddl.atom.global.tddl_sample_0_bac ,group=DEFAULT_GROUP ,content=ip=10.13.1.2
port=3306
dbName=tddl_sample_0_bac
dbType=mysql
dbStatus=RW
05-27 15:16:41 - dataId=com.taobao.tddl.atom.app.tddl_sample.tddl_sample_0_bac ,group=DEFAULT_GROUP ,content=userName=tddl
minPoolSize=1
maxPoolSize=100
05-27 15:16:41 - dataId=com.taobao.tddl.atom.passwd.tddl_sample_0_bac.mysql.tddl ,group=DEFAULT_GROUP ,content=encPasswd=4485f91c9426e4d8
05-27 15:16:41 - dataId=com.taobao.tddl.jdbc.client.sqlexecutor.tddl_sample ,group=DEFAULT_GROUP ,content=useParallelExecute=true
parallelThreadCount=10
05-27 15:17:04 - dataId=com.taobao.tddl.v1_tddl_sample_dbgroups ,group=DEFAULT_GROUP ,content=sample_group_0,sample_group_1
05-27 15:17:04 - dataId=com.taobao.tddl.jdbc.group_V2.4.1_sample_group_1 ,group=DEFAULT_GROUP ,content=tddl_sample_1:r10w10,tddl_sample_1_bac:r10w0
05-27 15:17:04 - dataId=com.taobao.tddl.atom.global.tddl_sample_1 ,group=DEFAULT_GROUP ,content=ip=10.13.1.2
port=3306
dbName=tddl_sample_1
dbType=mysql
dbStatus=RW
05-27 15:17:04 - dataId=com.taobao.tddl.atom.app.tddl_sample.tddl_sample_1 ,group=DEFAULT_GROUP ,content=userName=tddl
minPoolSize=1
maxPoolSize=100
05-27 15:17:04 - dataId=com.taobao.tddl.atom.passwd.tddl_sample_1.mysql.tddl ,group=DEFAULT_GROUP ,content=encPasswd=4485f91c9426e4d8
05-27 15:17:04 - dataId=com.taobao.tddl.atom.global.tddl_sample_1_bac ,group=DEFAULT_GROUP ,content=ip=10.13.1.2
port=3306
dbName=tddl_sample_1_bac
dbType=mysql
dbStatus=RW
05-27 15:17:04 - dataId=com.taobao.tddl.atom.app.tddl_sample.tddl_sample_1_bac ,group=DEFAULT_GROUP ,content=userName=tddl
minPoolSize=1
maxPoolSize=100
05-27 15:17:04 - dataId=com.taobao.tddl.atom.passwd.tddl_sample_1_bac.mysql.tddl ,group=DEFAULT_GROUP ,content=encPasswd=4485f91c9426e4d8
05-27 15:17:04 - dataId=com.taobao.tddl.jdbc.group_V2.4.1_sample_group_0 ,group=DEFAULT_GROUP ,content=tddl_sample_0:r10w10,tddl_sample_0_bac:r10w0
05-27 15:17:04 - dataId=com.taobao.tddl.atom.global.tddl_sample_0 ,group=DEFAULT_GROUP ,content=ip=10.13.1.2
port=3306
dbName=tddl_sample_0
dbType=mysql
dbStatus=RW
05-27 15:17:04 - dataId=com.taobao.tddl.atom.app.tddl_sample.tddl_sample_0 ,group=DEFAULT_GROUP ,content=userName=tddl
minPoolSize=1
maxPoolSize=100
05-27 15:17:04 - dataId=com.taobao.tddl.atom.passwd.tddl_sample_0.mysql.tddl ,group=DEFAULT_GROUP ,content=encPasswd=4485f91c9426e4d8
05-27 15:17:04 - dataId=com.taobao.tddl.atom.global.tddl_sample_0_bac ,group=DEFAULT_GROUP ,content=ip=10.13.1.2
port=3306
dbName=tddl_sample_0_bac
dbType=mysql
dbStatus=RW
05-27 15:17:04 - dataId=com.taobao.tddl.atom.app.tddl_sample.tddl_sample_0_bac ,group=DEFAULT_GROUP ,content=userName=tddl
minPoolSize=1
maxPoolSize=100
05-27 15:17:04 - dataId=com.taobao.tddl.atom.passwd.tddl_sample_0_bac.mysql.tddl ,group=DEFAULT_GROUP ,content=encPasswd=4485f91c9426e4d8
05-27 15:17:04 - dataId=com.taobao.tddl.jdbc.client.sqlexecutor.tddl_sample ,group=DEFAULT_GROUP ,content=useParallelExecute=true
parallelThreadCount=10
05-27 15:18:06 - dataId=com.taobao.tddl.v1_tddl_sample_dbgroups ,group=DEFAULT_GROUP ,content=sample_group_0,sample_group_1
05-27 15:18:06 - dataId=com.taobao.tddl.jdbc.group_V2.4.1_sample_group_1 ,group=DEFAULT_GROUP ,content=tddl_sample_1:r10w10,tddl_sample_1_bac:r10w0
05-27 15:18:06 - dataId=com.taobao.tddl.atom.global.tddl_sample_1 ,group=DEFAULT_GROUP ,content=ip=10.13.1.2
port=3306
dbName=tddl_sample_1
dbType=mysql
dbStatus=RW
05-27 15:18:06 - dataId=com.taobao.tddl.atom.app.tddl_sample.tddl_sample_1 ,group=DEFAULT_GROUP ,content=userName=tddl
minPoolSize=1
maxPoolSize=100
05-27 15:18:06 - dataId=com.taobao.tddl.atom.passwd.tddl_sample_1.mysql.tddl ,group=DEFAULT_GROUP ,content=encPasswd=4485f91c9426e4d8
05-27 15:18:06 - dataId=com.taobao.tddl.atom.global.tddl_sample_1_bac ,group=DEFAULT_GROUP ,content=ip=10.13.1.2
port=3306
dbName=tddl_sample_1_bac
dbType=mysql
dbStatus=RW
05-27 15:18:06 - dataId=com.taobao.tddl.atom.app.tddl_sample.tddl_sample_1_bac ,group=DEFAULT_GROUP ,content=userName=tddl
minPoolSize=1
maxPoolSize=100
05-27 15:18:06 - dataId=com.taobao.tddl.atom.passwd.tddl_sample_1_bac.mysql.tddl ,group=DEFAULT_GROUP ,content=encPasswd=4485f91c9426e4d8
05-27 15:18:06 - dataId=com.taobao.tddl.jdbc.group_V2.4.1_sample_group_0 ,group=DEFAULT_GROUP ,content=tddl_sample_0:r10w10,tddl_sample_0_bac:r10w0
05-27 15:18:06 - dataId=com.taobao.tddl.atom.global.tddl_sample_0 ,group=DEFAULT_GROUP ,content=ip=10.13.1.2
port=3306
dbName=tddl_sample_0
dbType=mysql
dbStatus=RW
05-27 15:18:06 - dataId=com.taobao.tddl.atom.app.tddl_sample.tddl_sample_0 ,group=DEFAULT_GROUP ,content=userName=tddl
minPoolSize=1
maxPoolSize=100
05-27 15:18:06 - dataId=com.taobao.tddl.atom.passwd.tddl_sample_0.mysql.tddl ,group=DEFAULT_GROUP ,content=encPasswd=4485f91c9426e4d8
05-27 15:18:06 - dataId=com.taobao.tddl.atom.global.tddl_sample_0_bac ,group=DEFAULT_GROUP ,content=ip=10.13.1.2
port=3306
dbName=tddl_sample_0_bac
dbType=mysql
dbStatus=RW
05-27 15:18:06 - dataId=com.taobao.tddl.atom.app.tddl_sample.tddl_sample_0_bac ,group=DEFAULT_GROUP ,content=userName=tddl
minPoolSize=1
maxPoolSize=100
05-27 15:18:06 - dataId=com.taobao.tddl.atom.passwd.tddl_sample_0_bac.mysql.tddl ,group=DEFAULT_GROUP ,content=encPasswd=4485f91c9426e4d8
05-27 15:18:06 - dataId=com.taobao.tddl.jdbc.client.sqlexecutor.tddl_sample ,group=DEFAULT_GROUP ,content=useParallelExecute=true
parallelThreadCount=10
05-27 15:21:09 - dataId=com.taobao.tddl.v1_tddl_sample_dbgroups ,group=DEFAULT_GROUP ,content=sample_group_0,sample_group_1
05-27 15:21:10 - dataId=com.taobao.tddl.jdbc.group_V2.4.1_sample_group_1 ,group=DEFAULT_GROUP ,content=tddl_sample_1:r10w10,tddl_sample_1_bac:r10w0
05-27 15:21:10 - dataId=com.taobao.tddl.atom.global.tddl_sample_1 ,group=DEFAULT_GROUP ,content=ip=10.13.1.2
port=3306
dbName=tddl_sample_1
dbType=mysql
dbStatus=RW
05-27 15:21:10 - dataId=com.taobao.tddl.atom.app.tddl_sample.tddl_sample_1 ,group=DEFAULT_GROUP ,content=userName=tddl
minPoolSize=1
maxPoolSize=100
05-27 15:21:10 - dataId=com.taobao.tddl.atom.passwd.tddl_sample_1.mysql.tddl ,group=DEFAULT_GROUP ,content=encPasswd=4485f91c9426e4d8
05-27 15:21:10 - dataId=com.taobao.tddl.atom.global.tddl_sample_1_bac ,group=DEFAULT_GROUP ,content=ip=10.13.1.2
port=3306
dbName=tddl_sample_1_bac
dbType=mysql
dbStatus=RW
05-27 15:21:10 - dataId=com.taobao.tddl.atom.app.tddl_sample.tddl_sample_1_bac ,group=DEFAULT_GROUP ,content=userName=tddl
minPoolSize=1
maxPoolSize=100
05-27 15:21:10 - dataId=com.taobao.tddl.atom.passwd.tddl_sample_1_bac.mysql.tddl ,group=DEFAULT_GROUP ,content=encPasswd=4485f91c9426e4d8
05-27 15:21:10 - dataId=com.taobao.tddl.jdbc.group_V2.4.1_sample_group_0 ,group=DEFAULT_GROUP ,content=tddl_sample_0:r10w10,tddl_sample_0_bac:r10w0
05-27 15:21:10 - dataId=com.taobao.tddl.atom.global.tddl_sample_0 ,group=DEFAULT_GROUP ,content=ip=10.13.1.2
port=3306
dbName=tddl_sample_0
dbType=mysql
dbStatus=RW
05-27 15:21:10 - dataId=com.taobao.tddl.atom.app.tddl_sample.tddl_sample_0 ,group=DEFAULT_GROUP ,content=userName=tddl
minPoolSize=1
maxPoolSize=100
05-27 15:21:10 - dataId=com.taobao.tddl.atom.passwd.tddl_sample_0.mysql.tddl ,group=DEFAULT_GROUP ,content=encPasswd=4485f91c9426e4d8
05-27 15:21:10 - dataId=com.taobao.tddl.atom.global.tddl_sample_0_bac ,group=DEFAULT_GROUP ,content=ip=10.13.1.2
port=3306
dbName=tddl_sample_0_bac
dbType=mysql
dbStatus=RW
05-27 15:21:10 - dataId=com.taobao.tddl.atom.app.tddl_sample.tddl_sample_0_bac ,group=DEFAULT_GROUP ,content=userName=tddl
minPoolSize=1
maxPoolSize=100
05-27 15:21:10 - dataId=com.taobao.tddl.atom.passwd.tddl_sample_0_bac.mysql.tddl ,group=DEFAULT_GROUP ,content=encPasswd=4485f91c9426e4d8
05-27 15:21:10 - dataId=com.taobao.tddl.jdbc.client.sqlexecutor.tddl_sample ,group=DEFAULT_GROUP ,content=useParallelExecute=true
parallelThreadCount=10
05-27 15:23:01 - dataId=com.taobao.tddl.v1_tddl_sample_dbgroups ,group=DEFAULT_GROUP ,content=sample_group_0,sample_group_1
05-27 15:23:01 - dataId=com.taobao.tddl.jdbc.group_V2.4.1_sample_group_1 ,group=DEFAULT_GROUP ,content=tddl_sample_1:r10w10,tddl_sample_1_bac:r10w0
05-27 15:23:01 - dataId=com.taobao.tddl.atom.global.tddl_sample_1 ,group=DEFAULT_GROUP ,content=ip=10.13.1.2
port=3306
dbName=tddl_sample_1
dbType=mysql
dbStatus=RW
05-27 15:23:01 - dataId=com.taobao.tddl.atom.app.tddl_sample.tddl_sample_1 ,group=DEFAULT_GROUP ,content=userName=tddl
minPoolSize=1
maxPoolSize=100
05-27 15:23:01 - dataId=com.taobao.tddl.atom.passwd.tddl_sample_1.mysql.tddl ,group=DEFAULT_GROUP ,content=encPasswd=4485f91c9426e4d8
05-27 15:23:01 - dataId=com.taobao.tddl.atom.global.tddl_sample_1_bac ,group=DEFAULT_GROUP ,content=ip=10.13.1.2
port=3306
dbName=tddl_sample_1_bac
dbType=mysql
dbStatus=RW
05-27 15:23:01 - dataId=com.taobao.tddl.atom.app.tddl_sample.tddl_sample_1_bac ,group=DEFAULT_GROUP ,content=userName=tddl
minPoolSize=1
maxPoolSize=100
05-27 15:23:01 - dataId=com.taobao.tddl.atom.passwd.tddl_sample_1_bac.mysql.tddl ,group=DEFAULT_GROUP ,content=encPasswd=4485f91c9426e4d8
05-27 15:23:01 - dataId=com.taobao.tddl.jdbc.group_V2.4.1_sample_group_0 ,group=DEFAULT_GROUP ,content=tddl_sample_0:r10w10,tddl_sample_0_bac:r10w0
05-27 15:23:01 - dataId=com.taobao.tddl.atom.global.tddl_sample_0 ,group=DEFAULT_GROUP ,content=ip=10.13.1.2
port=3306
dbName=tddl_sample_0
dbType=mysql
dbStatus=RW
05-27 15:23:01 - dataId=com.taobao.tddl.atom.app.tddl_sample.tddl_sample_0 ,group=DEFAULT_GROUP ,content=userName=tddl
minPoolSize=1
maxPoolSize=100
05-27 15:23:01 - dataId=com.taobao.tddl.atom.passwd.tddl_sample_0.mysql.tddl ,group=DEFAULT_GROUP ,content=encPasswd=4485f91c9426e4d8
05-27 15:23:01 - dataId=com.taobao.tddl.atom.global.tddl_sample_0_bac ,group=DEFAULT_GROUP ,content=ip=10.13.1.2
port=3306
dbName=tddl_sample_0_bac
dbType=mysql
dbStatus=RW
05-27 15:23:01 - dataId=com.taobao.tddl.atom.app.tddl_sample.tddl_sample_0_bac ,group=DEFAULT_GROUP ,content=userName=tddl
minPoolSize=1
maxPoolSize=100
05-27 15:23:01 - dataId=com.taobao.tddl.atom.passwd.tddl_sample_0_bac.mysql.tddl ,group=DEFAULT_GROUP ,content=encPasswd=4485f91c9426e4d8
05-27 15:23:01 - dataId=com.taobao.tddl.jdbc.client.sqlexecutor.tddl_sample ,group=DEFAULT_GROUP ,content=useParallelExecute=true
parallelThreadCount=10
05-27 15:23:29 - dataId=com.taobao.tddl.v1_tddl_sample_dbgroups ,group=DEFAULT_GROUP ,content=sample_group_0,sample_group_1
05-27 15:23:29 - dataId=com.taobao.tddl.jdbc.group_V2.4.1_sample_group_1 ,group=DEFAULT_GROUP ,content=tddl_sample_1:r10w10,tddl_sample_1_bac:r10w0
05-27 15:23:29 - dataId=com.taobao.tddl.atom.global.tddl_sample_1 ,group=DEFAULT_GROUP ,content=ip=10.13.1.2
port=3306
dbName=tddl_sample_1
dbType=mysql
dbStatus=RW
05-27 15:23:29 - dataId=com.taobao.tddl.atom.app.tddl_sample.tddl_sample_1 ,group=DEFAULT_GROUP ,content=userName=tddl
minPoolSize=1
maxPoolSize=100
05-27 15:23:29 - dataId=com.taobao.tddl.atom.passwd.tddl_sample_1.mysql.tddl ,group=DEFAULT_GROUP ,content=encPasswd=4485f91c9426e4d8
05-27 15:23:29 - dataId=com.taobao.tddl.atom.global.tddl_sample_1_bac ,group=DEFAULT_GROUP ,content=ip=10.13.1.2
port=3306
dbName=tddl_sample_1_bac
dbType=mysql
dbStatus=RW
05-27 15:23:29 - dataId=com.taobao.tddl.atom.app.tddl_sample.tddl_sample_1_bac ,group=DEFAULT_GROUP ,content=userName=tddl
minPoolSize=1
maxPoolSize=100
05-27 15:23:29 - dataId=com.taobao.tddl.atom.passwd.tddl_sample_1_bac.mysql.tddl ,group=DEFAULT_GROUP ,content=encPasswd=4485f91c9426e4d8
05-27 15:23:29 - dataId=com.taobao.tddl.jdbc.group_V2.4.1_sample_group_0 ,group=DEFAULT_GROUP ,content=tddl_sample_0:r10w10,tddl_sample_0_bac:r10w0
05-27 15:23:29 - dataId=com.taobao.tddl.atom.global.tddl_sample_0 ,group=DEFAULT_GROUP ,content=ip=10.13.1.2
port=3306
dbName=tddl_sample_0
dbType=mysql
dbStatus=RW
05-27 15:23:29 - dataId=com.taobao.tddl.atom.app.tddl_sample.tddl_sample_0 ,group=DEFAULT_GROUP ,content=userName=tddl
minPoolSize=1
maxPoolSize=100
05-27 15:23:29 - dataId=com.taobao.tddl.atom.passwd.tddl_sample_0.mysql.tddl ,group=DEFAULT_GROUP ,content=encPasswd=4485f91c9426e4d8
05-27 15:23:29 - dataId=com.taobao.tddl.atom.global.tddl_sample_0_bac ,group=DEFAULT_GROUP ,content=ip=10.13.1.2
port=3306
dbName=tddl_sample_0_bac
dbType=mysql
dbStatus=RW
05-27 15:23:29 - dataId=com.taobao.tddl.atom.app.tddl_sample.tddl_sample_0_bac ,group=DEFAULT_GROUP ,content=userName=tddl
minPoolSize=1
maxPoolSize=100
05-27 15:23:29 - dataId=com.taobao.tddl.atom.passwd.tddl_sample_0_bac.mysql.tddl ,group=DEFAULT_GROUP ,content=encPasswd=4485f91c9426e4d8
05-27 15:23:29 - dataId=com.taobao.tddl.jdbc.client.sqlexecutor.tddl_sample ,group=DEFAULT_GROUP ,content=useParallelExecute=true
parallelThreadCount=10
05-27 15:24:26 - dataId=com.taobao.tddl.v1_tddl_sample_dbgroups ,group=DEFAULT_GROUP ,content=sample_group_0,sample_group_1
05-27 15:24:26 - dataId=com.taobao.tddl.jdbc.group_V2.4.1_sample_group_1 ,group=DEFAULT_GROUP ,content=tddl_sample_1:r10w10,tddl_sample_1_bac:r10w0
05-27 15:24:26 - dataId=com.taobao.tddl.atom.global.tddl_sample_1 ,group=DEFAULT_GROUP ,content=ip=10.13.1.2
port=3306
dbName=tddl_sample_1
dbType=mysql
dbStatus=RW
05-27 15:24:26 - dataId=com.taobao.tddl.atom.app.tddl_sample.tddl_sample_1 ,group=DEFAULT_GROUP ,content=userName=tddl
minPoolSize=1
maxPoolSize=100
05-27 15:24:26 - dataId=com.taobao.tddl.atom.passwd.tddl_sample_1.mysql.tddl ,group=DEFAULT_GROUP ,content=encPasswd=4485f91c9426e4d8
05-27 15:24:27 - dataId=com.taobao.tddl.atom.global.tddl_sample_1_bac ,group=DEFAULT_GROUP ,content=ip=10.13.1.2
port=3306
dbName=tddl_sample_1_bac
dbType=mysql
dbStatus=RW
05-27 15:24:27 - dataId=com.taobao.tddl.atom.app.tddl_sample.tddl_sample_1_bac ,group=DEFAULT_GROUP ,content=userName=tddl
minPoolSize=1
maxPoolSize=100
05-27 15:24:27 - dataId=com.taobao.tddl.atom.passwd.tddl_sample_1_bac.mysql.tddl ,group=DEFAULT_GROUP ,content=encPasswd=4485f91c9426e4d8
05-27 15:24:27 - dataId=com.taobao.tddl.jdbc.group_V2.4.1_sample_group_0 ,group=DEFAULT_GROUP ,content=tddl_sample_0:r10w10,tddl_sample_0_bac:r10w0
05-27 15:24:27 - dataId=com.taobao.tddl.atom.global.tddl_sample_0 ,group=DEFAULT_GROUP ,content=ip=10.13.1.2
port=3306
dbName=tddl_sample_0
dbType=mysql
dbStatus=RW
05-27 15:24:27 - dataId=com.taobao.tddl.atom.app.tddl_sample.tddl_sample_0 ,group=DEFAULT_GROUP ,content=userName=tddl
minPoolSize=1
maxPoolSize=100
05-27 15:24:27 - dataId=com.taobao.tddl.atom.passwd.tddl_sample_0.mysql.tddl ,group=DEFAULT_GROUP ,content=encPasswd=4485f91c9426e4d8
05-27 15:24:27 - dataId=com.taobao.tddl.atom.global.tddl_sample_0_bac ,group=DEFAULT_GROUP ,content=ip=10.13.1.2
port=3306
dbName=tddl_sample_0_bac
dbType=mysql
dbStatus=RW
05-27 15:24:27 - dataId=com.taobao.tddl.atom.app.tddl_sample.tddl_sample_0_bac ,group=DEFAULT_GROUP ,content=userName=tddl
minPoolSize=1
maxPoolSize=100
05-27 15:24:27 - dataId=com.taobao.tddl.atom.passwd.tddl_sample_0_bac.mysql.tddl ,group=DEFAULT_GROUP ,content=encPasswd=4485f91c9426e4d8
05-27 15:24:27 - dataId=com.taobao.tddl.jdbc.client.sqlexecutor.tddl_sample ,group=DEFAULT_GROUP ,content=useParallelExecute=true
parallelThreadCount=10
